[debug] [2022-11-23T21:48:58.967Z] ----------------------------------------------------------------------
[debug] [2022-11-23T21:48:58.974Z] Command:       C:\Program Files\nodejs\node.exe C:\Users\I\AppData\Roaming\npm\node_modules\firebase-tools\lib\bin\firebase.js init hosting:github
[debug] [2022-11-23T21:48:58.975Z] CLI Version:   11.16.1
[debug] [2022-11-23T21:48:58.976Z] Platform:      win32
[debug] [2022-11-23T21:48:58.976Z] Node Version:  v16.18.0
[debug] [2022-11-23T21:48:58.977Z] Time:          Wed Nov 23 2022 18:48:58 GMT-0300 (Horário Padrão de Brasília)
[debug] [2022-11-23T21:48:58.978Z] ----------------------------------------------------------------------
[debug] 
[debug] [2022-11-23T21:48:59.128Z] > command requires scopes: ["email","openid","https://www.googleapis.com/auth/cloudplatformprojects.readonly","https://www.googleapis.com/auth/firebase","https://www.googleapis.com/auth/cloud-platform"]
[debug] [2022-11-23T21:48:59.129Z] > authorizing via signed-in user (matheusgaldinoinfo@gmail.com)
[info] 
     ######## #### ########  ######## ########     ###     ######  ########
     ##        ##  ##     ## ##       ##     ##  ##   ##  ##       ##
     ######    ##  ########  ######   ########  #########  ######  ######
     ##        ##  ##    ##  ##       ##     ## ##     ##       ## ##
     ##       #### ##     ## ######## ########  ##     ##  ######  ########

You're about to initialize a Firebase project in this directory:

  C:\Users\I\Desktop\Contador\contador

Before we get started, keep in mind:

  * You are initializing within an existing Firebase project directory

[info] 
=== Project Setup
[info] 
[info] First, let's associate this project directory with a Firebase project.
[info] You can create multiple project aliases by running firebase use --add, 
[info] but for now we'll just set up a default project.
[info] 
[debug] [2022-11-23T21:49:04.098Z] Using project from CLI flag: sonorous-guide-345900
[debug] [2022-11-23T21:49:04.107Z] >>> [apiv2][query] GET https://firebase.googleapis.com/v1beta1/projects/sonorous-guide-345900 [none]
[debug] [2022-11-23T21:49:04.614Z] <<< [apiv2][status] GET https://firebase.googleapis.com/v1beta1/projects/sonorous-guide-345900 200
[debug] [2022-11-23T21:49:04.614Z] <<< [apiv2][body] GET https://firebase.googleapis.com/v1beta1/projects/sonorous-guide-345900 {"projectId":"sonorous-guide-345900","projectNumber":"201449070888","displayName":"My First Project","name":"projects/sonorous-guide-345900","resources":{"hostingSite":"sonorous-guide-345900"},"state":"ACTIVE","etag":"1_f64d242b-d316-4ebe-9e14-c52bba2d3d35"}
[info] i  Using project sonorous-guide-345900 (My First Project) 
[info] 
=== Hosting:github Setup
[info] 
[info] i  Detected a .git folder at C:\Users\I\Desktop\Contador\contador 
[info] i  Authorizing with GitHub to upload your service account to a GitHub repository's secrets store. 
[info] 
[info] Visit this URL on this device to log in:
[info] https://github.com/login/oauth/authorize?client_id=89cf50f02ac6aaed3484&state=261271159&redirect_uri=http%3A%2F%2Flocalhost%3A9005&scope=read%3Auser%20repo%20public_repo
[info] 
[info] Waiting for authentication...
[debug] [2022-11-23T21:49:05.380Z] >>> [apiv2][query] POST https://github.com/login/oauth/access_token [none]
[debug] [2022-11-23T21:49:05.380Z] >>> [apiv2][body] POST https://github.com/login/oauth/access_token [stream]
[debug] [2022-11-23T21:49:05.649Z] <<< [apiv2][status] POST https://github.com/login/oauth/access_token 200
[debug] [2022-11-23T21:49:05.649Z] <<< [apiv2][body] POST https://github.com/login/oauth/access_token {"access_token":"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","token_type":"bearer","scope":"read:user,repo"}
[debug] [2022-11-23T21:49:05.665Z] >>> [apiv2][query] GET https://api.github.com/user [none]
[debug] [2022-11-23T21:49:05.944Z] <<< [apiv2][status] GET https://api.github.com/user 200
[debug] [2022-11-23T21:49:05.944Z] <<< [apiv2][body] GET https://api.github.com/user {"login":"MatheusRGPereira","id":100168699,"node_id":"U_kgDOBfhz-w","avatar_url":"https://avatars.githubusercontent.com/u/100168699?v=4","gravatar_id":"","url":"https://api.github.com/users/MatheusRGPereira","html_url":"https://github.com/MatheusRGPereira","followers_url":"https://api.github.com/users/MatheusRGPereira/followers","following_url":"https://api.github.com/users/MatheusRGPereira/following{/other_user}","gists_url":"https://api.github.com/users/MatheusRGPereira/gists{/gist_id}","starred_url":"https://api.github.com/users/MatheusRGPereira/starred{/owner}{/repo}","subscriptions_url":"https://api.github.com/users/MatheusRGPereira/subscriptions","organizations_url":"https://api.github.com/users/MatheusRGPereira/orgs","repos_url":"https://api.github.com/users/MatheusRGPereira/repos","events_url":"https://api.github.com/users/MatheusRGPereira/events{/privacy}","received_events_url":"https://api.github.com/users/MatheusRGPereira/received_events","type":"User","site_admin":false,"name":"MatheusRodrigues","company":null,"blog":"https://www.linkedin.com/in/matheus-rodrigues-galdino-pereira-b5a3731b9/","location":"são paulo","email":null,"hireable":null,"bio":"Dev Java full stack jr -Generation","twitter_username":null,"public_repos":34,"public_gists":0,"followers":35,"following":47,"created_at":"2022-02-21T22:21:44Z","updated_at":"2022-11-13T18:46:18Z","private_gists":0,"total_private_repos":3,"owned_private_repos":3,"disk_usage":35730,"collaborators":0,"two_factor_authentication":false,"plan":{"name":"free","space":976562499,"collaborators":0,"private_repos":10000}}
[info] 
[info] +  Success! Logged into GitHub as MatheusRGPereira 
[info] 
